<?xml version="1.0" encoding="UTF-8"?>
<!-- Generated by org.testng.reporters.JUnitReportReporter -->
<testsuite hostname="DESKTOP-L89LVBP" failures="0" tests="1" name="E2EProject.HomePage" time="10.242" errors="0" timestamp="2021-05-27T11:08:45 EDT" skipped="0">
  <testcase classname="E2EProject.HomePage" name="basePageNavigation" time="10.242"/>
  <system-out/>
</testsuite> <!-- E2EProject.HomePage -->
