<?xml version="1.0" encoding="UTF-8"?>
<!-- Generated by org.testng.reporters.JUnitReportReporter -->
<testsuite hostname="DESKTOP-L89LVBP" failures="0" tests="2" name="E2EProject.LoginTest" time="24.954" errors="0" timestamp="2021-06-01T17:46:29 EDT" skipped="0">
  <testcase classname="E2EProject.LoginTest" name="LoginPage" time="21.659"/>
  <system-out/>
  <testcase classname="E2EProject.LoginTest" name="LoginPage" time="3.295"/>
  <system-out/>
</testsuite> <!-- E2EProject.LoginTest -->
