<?xml version="1.0" encoding="UTF-8"?>
<!-- Generated by org.testng.reporters.JUnitReportReporter -->
<testsuite hostname="DESKTOP-L89LVBP" failures="0" tests="1" name="E2EProject.ValidateNavigationBarTest" time="2.470" errors="0" timestamp="2021-06-01T22:59:50 EDT" skipped="0">
  <testcase classname="E2EProject.ValidateNavigationBarTest" name="ValidateNavigationBar" time="2.470"/>
  <system-out/>
</testsuite> <!-- E2EProject.ValidateNavigationBarTest -->
