<?xml version="1.0" encoding="UTF-8"?>
<!-- Generated by org.testng.reporters.JUnitReportReporter -->
<testsuite hostname="DESKTOP-L89LVBP" failures="0" tests="2" name="E2EProject.ValidateTitleTest" time="0.144" errors="0" timestamp="2021-06-01T17:36:21 EDT" skipped="0">
  <testcase classname="E2EProject.ValidateTitleTest" name="ValidateHeader" time="0.086"/>
  <system-out/>
  <testcase classname="E2EProject.ValidateTitleTest" name="ValidateTitle" time="0.058"/>
  <system-out/>
</testsuite> <!-- E2EProject.ValidateTitleTest -->
