<?xml version="1.0" encoding="UTF-8"?>
<!-- Generated by org.testng.reporters.JUnitReportReporter -->
<testsuite hostname="DESKTOP-L89LVBP" failures="0" tests="1" name="E2EProject.ValidateTitle" time="0.028" errors="0" timestamp="2021-05-27T23:02:47 EDT" skipped="0">
  <testcase classname="E2EProject.ValidateTitle" name="basePageNavigation" time="0.028"/>
  <system-out/>
</testsuite> <!-- E2EProject.ValidateTitle -->
