<?xml version="1.0" encoding="UTF-8"?>
<!-- Generated by org.testng.reporters.JUnitReportReporter -->
<testsuite skipped="0" hostname="DESKTOP-L89LVBP" name="E2EProject.ValidateTitleTest" tests="2" failures="0" timestamp="2021-06-01T17:48:48 EDT" time="0.151" errors="0">
  <testcase name="ValidateTitle" time="0.077" classname="E2EProject.ValidateTitleTest"/>
  <system-out/>
  <testcase name="ValidateHeader" time="0.074" classname="E2EProject.ValidateTitleTest"/>
  <system-out/>
</testsuite> <!-- E2EProject.ValidateTitleTest -->
