<?xml version="1.0" encoding="UTF-8"?>
<!-- Generated by org.testng.reporters.JUnitReportReporter -->
<testsuite skipped="0" hostname="DESKTOP-L89LVBP" name="E2EProject.ValidateNavigationBarTest" tests="1" failures="0" timestamp="2021-06-01T17:48:48 EDT" time="0.083" errors="0">
  <testcase name="ValidateNavigationBar" time="0.083" classname="E2EProject.ValidateNavigationBarTest"/>
  <system-out/>
</testsuite> <!-- E2EProject.ValidateNavigationBarTest -->
